<?xml version="1.0" encoding="UTF-8"?>
<!-- Generated by org.testng.reporters.JUnitXMLReporter -->
<testsuite hostname="Praneeth" ignored="0" name="Test3" tests="3" failures="1" timestamp="08 Jan 2018 20:56:06 GMT" time="0.016" errors="0">
  <testcase name="test1" time="0.0" classname="testNGPackage.DependsonTest"/>
  <testcase name="test3" time="0.0" classname="testNGPackage.DependsonTest">
    <failure type="java.lang.AssertionError" message="expected [true] but found [false]">
      <![CDATA[java.lang.AssertionError: expected [true] but found [false]
	at testNGPackage.DependsonTest.test3(DependsonTest.java:22)
... Removed 29 stack frames]]>
    </failure>
  </testcase> <!-- test3 -->
  <testcase name="test2" time="0.0" classname="testNGPackage.DependsonTest">
    <skipped/>
  </testcase> <!-- test2 -->
</testsuite> <!-- Test3 -->
