<!DOCTYPE html PUBLIC "-//W3C//DTD XHTML 1.1//EN" "http://www.w3.org/TR/xhtml11/DTD/xhtml11.dtd">
<html xmlns="http://www.w3.org/1999/xhtml"><head><title>TestNG Report</title><style type="text/css">table {margin-bottom:10px;border-collapse:collapse;empty-cells:show}th,td {border:1px solid #009;padding:.25em .5em}th {vertical-align:bottom}td {vertical-align:top}table a {font-weight:bold}.stripe td {background-color: #E6EBF9}.num {text-align:right}.passedodd td {background-color: #3F3}.passedeven td {background-color: #0A0}.skippedodd td {background-color: #DDD}.skippedeven td {background-color: #CCC}.failedodd td,.attn {background-color: #F33}.failedeven td,.stripe .attn {background-color: #D00}.stacktrace {white-space:pre;font-family:monospace}.totop {font-size:85%;text-align:center;border-bottom:2px solid #000}</style></head><body><table><tr><th>Test</th><th># Passed</th><th># Skipped</th><th># Failed</th><th>Time (ms)</th><th>Included Groups</th><th>Excluded Groups</th></tr><tr><th colspan="7">Suite</th></tr><tr><td><a href="#t0">Test</a></td><td class="num">1</td><td class="num attn">2</td><td class="num">0</td><td class="num">112,771</td><td></td><td></td></tr></table><table><thead><tr><th>Class</th><th>Method</th><th>Start</th><th>Time (ms)</th></tr></thead><tbody><tr><th colspan="4">Suite</th></tr></tbody><tbody id="t0"><tr><th colspan="4">Test &#8212; failed (configuration methods)</th></tr><tr class="failedeven"><td rowspan="1">com.crm.qa.testClasses.LoginPageTest</td><td><a href="#m0">tearDown</a></td><td rowspan="1">1515521586418</td><td rowspan="1">0</td></tr><tr><th colspan="4">Test &#8212; skipped (configuration methods)</th></tr><tr class="skippedeven"><td rowspan="4">com.crm.qa.testClasses.LoginPageTest</td><td><a href="#m1">setUp</a></td><td rowspan="2">1515521600577</td><td rowspan="2">0</td></tr><tr class="skippedeven"><td><a href="#m2">setUp</a></td></tr><tr class="skippedeven"><td><a href="#m3">tearDown</a></td><td rowspan="2">1515521600577</td><td rowspan="2">0</td></tr><tr class="skippedeven"><td><a href="#m4">tearDown</a></td></tr><tr><th colspan="4">Test &#8212; skipped</th></tr><tr class="skippedeven"><td rowspan="2">com.crm.qa.testClasses.LoginPageTest</td><td><a href="#m5">loginPageTest</a></td><td rowspan="2">1515521600577</td><td rowspan="2">0</td></tr><tr class="skippedeven"><td><a href="#m6">loginPageTest</a></td></tr><tr><th colspan="4">Test &#8212; passed</th></tr><tr class="passedeven"><td rowspan="1">com.crm.qa.testClasses.LoginPageTest</td><td><a href="#m7">loginPageTest</a></td><td rowspan="1">1515521555084</td><td rowspan="1">31334</td></tr></tbody></table><h2>Test</h2><h3 id="m0">com.crm.qa.testClasses.LoginPageTest#tearDown</h3><table class="result"><tr><th>Exception</th></tr><tr><td><div class="stacktrace">org.openqa.selenium.remote.UnreachableBrowserException: Error communicating with the remote browser. It may have died.
Build info: version: &apos;3.6.0&apos;, revision: &apos;6fbf3ec767&apos;, time: &apos;2017-09-27T15:28:36.4Z&apos;
System info: host: &apos;PRANEETH&apos;, ip: &apos;192.168.0.12&apos;, os.name: &apos;Windows 8.1&apos;, os.arch: &apos;amd64&apos;, os.version: &apos;6.3&apos;, java.version: &apos;1.8.0_151&apos;
Driver info: driver.version: RemoteWebDriver
Capabilities [{moz:profile=C:\Users\praneethM\AppData\Local\Temp\rust_mozprofile.ZhJXvsYA7hTI, rotatable=false, timeouts={implicit=0, pageLoad=300000, script=30000}, pageLoadStrategy=normal, moz:headless=false, platform=XP, specificationLevel=0, moz:accessibilityChecks=false, acceptInsecureCerts=true, browserVersion=56.0.2, platformVersion=6.3, moz:processID=9600, browserName=firefox, javascriptEnabled=true, platformName=XP}]
Session ID: 9204b110-b539-4667-bb4a-9237aa286f87
	at org.openqa.selenium.remote.RemoteWebDriver.execute(RemoteWebDriver.java:607)
	at org.openqa.selenium.remote.RemoteWebDriver.execute(RemoteWebDriver.java:643)
	at org.openqa.selenium.remote.RemoteWebDriver.quit(RemoteWebDriver.java:482)
	at com.crm.qa.testClasses.LoginPageTest.tearDown(LoginPageTest.java:40)
Caused by: java.lang.RuntimeException: java.util.concurrent.TimeoutException
	at org.openqa.selenium.net.UrlChecker.waitUntilUnavailable(UrlChecker.java:145)
	at org.openqa.selenium.remote.service.DriverService.stop(DriverService.java:213)
	at org.openqa.selenium.remote.service.DriverCommandExecutor.execute(DriverCommandExecutor.java:95)
	at org.openqa.selenium.remote.RemoteWebDriver.execute(RemoteWebDriver.java:586)
	... 33 more
Caused by: java.util.concurrent.TimeoutException
	at java.util.concurrent.FutureTask.get(FutureTask.java:205)
	at com.google.common.util.concurrent.SimpleTimeLimiter.callWithTimeout(SimpleTimeLimiter.java:147)
	at org.openqa.selenium.net.UrlChecker.waitUntilUnavailable(UrlChecker.java:115)
	... 36 more
... Removed 30 stack frames</div></td></tr></table><p class="totop"><a href="#summary">back to summary</a></p><h3 id="m1">com.crm.qa.testClasses.LoginPageTest#setUp</h3><table class="result"></table><p class="totop"><a href="#summary">back to summary</a></p><h3 id="m2">com.crm.qa.testClasses.LoginPageTest#setUp</h3><table class="result"></table><p class="totop"><a href="#summary">back to summary</a></p><h3 id="m3">com.crm.qa.testClasses.LoginPageTest#tearDown</h3><table class="result"></table><p class="totop"><a href="#summary">back to summary</a></p><h3 id="m4">com.crm.qa.testClasses.LoginPageTest#tearDown</h3><table class="result"></table><p class="totop"><a href="#summary">back to summary</a></p><h3 id="m5">com.crm.qa.testClasses.LoginPageTest#loginPageTest</h3><table class="result"><tr class="param"><th>Parameter #1</th><th>Parameter #2</th></tr><tr class="param stripe"><td>praneeth2</td><td>praneeth2</td></tr><tr><th colspan="2">Exception</th></tr><tr><td colspan="2"><div class="stacktrace">org.openqa.selenium.remote.UnreachableBrowserException: Error communicating with the remote browser. It may have died.
Build info: version: &apos;3.6.0&apos;, revision: &apos;6fbf3ec767&apos;, time: &apos;2017-09-27T15:28:36.4Z&apos;
System info: host: &apos;PRANEETH&apos;, ip: &apos;192.168.0.12&apos;, os.name: &apos;Windows 8.1&apos;, os.arch: &apos;amd64&apos;, os.version: &apos;6.3&apos;, java.version: &apos;1.8.0_151&apos;
Driver info: driver.version: RemoteWebDriver
Capabilities [{moz:profile=C:\Users\praneethM\AppData\Local\Temp\rust_mozprofile.ZhJXvsYA7hTI, rotatable=false, timeouts={implicit=0, pageLoad=300000, script=30000}, pageLoadStrategy=normal, moz:headless=false, platform=XP, specificationLevel=0, moz:accessibilityChecks=false, acceptInsecureCerts=true, browserVersion=56.0.2, platformVersion=6.3, moz:processID=9600, browserName=firefox, javascriptEnabled=true, platformName=XP}]
Session ID: 9204b110-b539-4667-bb4a-9237aa286f87
	at org.openqa.selenium.remote.RemoteWebDriver.execute(RemoteWebDriver.java:607)
	at org.openqa.selenium.remote.RemoteWebDriver.execute(RemoteWebDriver.java:643)
	at org.openqa.selenium.remote.RemoteWebDriver.quit(RemoteWebDriver.java:482)
	at com.crm.qa.testClasses.LoginPageTest.tearDown(LoginPageTest.java:40)
Caused by: java.lang.RuntimeException: java.util.concurrent.TimeoutException
	at org.openqa.selenium.net.UrlChecker.waitUntilUnavailable(UrlChecker.java:145)
	at org.openqa.selenium.remote.service.DriverService.stop(DriverService.java:213)
	at org.openqa.selenium.remote.service.DriverCommandExecutor.execute(DriverCommandExecutor.java:95)
	at org.openqa.selenium.remote.RemoteWebDriver.execute(RemoteWebDriver.java:586)
	... 33 more
Caused by: java.util.concurrent.TimeoutException
	at java.util.concurrent.FutureTask.get(FutureTask.java:205)
	at com.google.common.util.concurrent.SimpleTimeLimiter.callWithTimeout(SimpleTimeLimiter.java:147)
	at org.openqa.selenium.net.UrlChecker.waitUntilUnavailable(UrlChecker.java:115)
	... 36 more
... Removed 30 stack frames</div></td></tr></table><p class="totop"><a href="#summary">back to summary</a></p><h3 id="m6">com.crm.qa.testClasses.LoginPageTest#loginPageTest</h3><table class="result"><tr class="param"><th>Parameter #1</th><th>Parameter #2</th></tr><tr class="param stripe"><td>praneeth1</td><td>praneeth1</td></tr><tr><th colspan="2">Exception</th></tr><tr><td colspan="2"><div class="stacktrace">org.openqa.selenium.remote.UnreachableBrowserException: Error communicating with the remote browser. It may have died.
Build info: version: &apos;3.6.0&apos;, revision: &apos;6fbf3ec767&apos;, time: &apos;2017-09-27T15:28:36.4Z&apos;
System info: host: &apos;PRANEETH&apos;, ip: &apos;192.168.0.12&apos;, os.name: &apos;Windows 8.1&apos;, os.arch: &apos;amd64&apos;, os.version: &apos;6.3&apos;, java.version: &apos;1.8.0_151&apos;
Driver info: driver.version: RemoteWebDriver
Capabilities [{moz:profile=C:\Users\praneethM\AppData\Local\Temp\rust_mozprofile.ZhJXvsYA7hTI, rotatable=false, timeouts={implicit=0, pageLoad=300000, script=30000}, pageLoadStrategy=normal, moz:headless=false, platform=XP, specificationLevel=0, moz:accessibilityChecks=false, acceptInsecureCerts=true, browserVersion=56.0.2, platformVersion=6.3, moz:processID=9600, browserName=firefox, javascriptEnabled=true, platformName=XP}]
Session ID: 9204b110-b539-4667-bb4a-9237aa286f87
	at org.openqa.selenium.remote.RemoteWebDriver.execute(RemoteWebDriver.java:607)
	at org.openqa.selenium.remote.RemoteWebDriver.execute(RemoteWebDriver.java:643)
	at org.openqa.selenium.remote.RemoteWebDriver.quit(RemoteWebDriver.java:482)
	at com.crm.qa.testClasses.LoginPageTest.tearDown(LoginPageTest.java:40)
Caused by: java.lang.RuntimeException: java.util.concurrent.TimeoutException
	at org.openqa.selenium.net.UrlChecker.waitUntilUnavailable(UrlChecker.java:145)
	at org.openqa.selenium.remote.service.DriverService.stop(DriverService.java:213)
	at org.openqa.selenium.remote.service.DriverCommandExecutor.execute(DriverCommandExecutor.java:95)
	at org.openqa.selenium.remote.RemoteWebDriver.execute(RemoteWebDriver.java:586)
	... 33 more
Caused by: java.util.concurrent.TimeoutException
	at java.util.concurrent.FutureTask.get(FutureTask.java:205)
	at com.google.common.util.concurrent.SimpleTimeLimiter.callWithTimeout(SimpleTimeLimiter.java:147)
	at org.openqa.selenium.net.UrlChecker.waitUntilUnavailable(UrlChecker.java:115)
	... 36 more
... Removed 30 stack frames</div></td></tr></table><p class="totop"><a href="#summary">back to summary</a></p><h3 id="m7">com.crm.qa.testClasses.LoginPageTest#loginPageTest</h3><table class="result"><tr class="param"><th>Parameter #1</th><th>Parameter #2</th></tr><tr class="param stripe"><td>praneeth</td><td>praneeth</td></tr></table><p class="totop"><a href="#summary">back to summary</a></p></body></html>